2022-12-13 15:37:31,942 - custodian.policy - INFO - policy:my-first-policy resource:aws.ec2 region:us-east-1 count:2 time:0.00
2022-12-13 15:38:25,722 - custodian.policy - INFO - policy:my-first-policy resource:aws.ec2 region:us-east-1 count:2 time:0.00
2022-12-13 15:38:28,239 - custodian.policy - INFO - policy:my-first-policy action:stop resources:2 execution_time:2.52
2022-12-13 15:42:16,169 - custodian.policy - INFO - policy:my-first-policy resource:aws.ec2 region:us-east-1 count:3 time:3.75
2022-12-13 15:42:17,730 - custodian.policy - INFO - policy:my-first-policy action:terminate resources:3 execution_time:1.56
2022-12-13 16:16:13,600 - custodian.policy - INFO - policy:my-first-policy resource:aws.ec2 region:us-east-1 count:5 time:5.17
2022-12-13 16:20:11,567 - custodian.policy - INFO - policy:my-first-policy resource:aws.ec2 region:us-east-1 count:5 time:0.00
2022-12-13 16:20:11,568 - custodian.actions - INFO - Tagging 5 resources for stop on 2022/12/13 1135 UTC
2022-12-13 16:20:13,044 - custodian.policy - INFO - policy:my-first-policy action:tagdelayedaction resources:5 execution_time:1.48
2022-12-13 16:23:59,464 - custodian.policy - INFO - policy:my-first-policy resource:aws.ec2 region:us-east-1 count:5 time:0.14
2022-12-13 16:23:59,477 - custodian.actions - INFO - Tagging 5 resources for stop on 2022/12/13 1138 UTC
2022-12-13 16:24:01,504 - custodian.policy - INFO - policy:my-first-policy action:tagdelayedaction resources:5 execution_time:2.03
2022-12-13 16:32:11,090 - custodian.policy - INFO - policy:my-first-policy resource:aws.ec2 region:us-east-1 count:4 time:3.16
2022-12-13 16:32:11,110 - custodian.actions - INFO - Tagging 4 resources for stop on 2022/12/13 1147 UTC
2022-12-13 16:32:12,578 - custodian.policy - INFO - policy:my-first-policy action:tagdelayedaction resources:4 execution_time:1.47
2022-12-14 17:14:17,005 - custodian.policy - INFO - policy:my-first-policy resource:aws.ec2 region:us-east-1 count:2 time:0.00
2022-12-14 17:14:19,092 - custodian.actions - INFO - Tagging 2 resources for stop on 2022/12/14 1229 UTC
2022-12-14 17:14:21,727 - custodian.policy - INFO - policy:my-first-policy action:tagdelayedaction resources:2 execution_time:2.64
2022-12-15 12:47:05,465 - custodian.policy - INFO - policy:my-first-policy resource:aws.ec2 region:us-east-1 count:1 time:0.00
2022-12-15 12:47:05,538 - custodian.actions - INFO - Tagging 1 resources for stop on 2022/12/15 0802 UTC
2022-12-15 12:47:07,399 - custodian.policy - INFO - policy:my-first-policy action:tagdelayedaction resources:1 execution_time:1.86
2022-12-15 16:29:08,993 - custodian.policy - INFO - policy:my-first-policy resource:aws.ec2 region:us-east-1 count:1 time:2.56
2022-12-15 16:29:10,471 - custodian.policy - INFO - policy:my-first-policy action:stop resources:1 execution_time:1.43
2022-12-15 16:32:00,749 - custodian.policy - INFO - policy:my-first-policy resource:aws.ec2 region:us-east-1 count:1 time:0.00
2022-12-15 16:32:00,750 - custodian.actions - INFO - Tagging 1 resources for stop on 2022/12/15 1147 UTC
2022-12-15 16:32:02,304 - custodian.policy - INFO - policy:my-first-policy action:tagdelayedaction resources:1 execution_time:1.55
2022-12-29 12:20:37,640 - custodian.policy - INFO - policy:my-first-policy resource:vpc region:us-east-1 count:1 time:2.21
